2026-06-14 18:33:06,079 [INFO] === DLsite Ranking Scraper 処理開始 ===
2026-06-14 18:33:06,079 [INFO] DLsiteからWebページを取得しています...
2026-06-14 18:33:06,332 [INFO] HTTPレスポンスステータス: 200
2026-06-14 18:33:06,643 [WARNING] ページ内に 'ranking_table' クラスを持つテーブルが見つかりませんでした。
2026-06-14 18:33:06,643 [ERROR] パース結果が空のため、保存処理をスキップします。
2026-06-14 18:33:06,644 [INFO] === DLsite Ranking Scraper 処理終了 ===
2026-06-14 18:36:22,110 [INFO] === DLsite Ranking Scraper 処理開始 ===
2026-06-14 18:36:22,112 [INFO] DLsiteからWebページを取得しています（セッション開始）...
2026-06-14 18:36:22,359 [INFO] HTTPレスポンスステータス: 200
2026-06-14 18:36:22,630 [WARNING] ページ内にランキングテーブルが見つかりませんでした。HTMLの構造、またはアクセス権限が変わっている可能性があります。
2026-06-14 18:36:22,633 [INFO] エラー分析用の生HTMLを保存しました: C:\Users\syogi\Downloads\dlsite_ranking\debug_error.html
2026-06-14 18:36:22,633 [ERROR] パース結果が空のため、保存処理をスキップします。
2026-06-14 18:36:22,633 [INFO] === DLsite Ranking Scraper 処理終了 ===
2026-06-14 18:39:50,891 [INFO] === DLsite Ranking Scraper 処理開始 ===
2026-06-14 18:39:50,892 [INFO] DLsiteからWebページを取得しています（セッション開始）...
2026-06-14 18:39:51,128 [INFO] HTTPレスポンスステータス: 200
2026-06-14 18:39:51,431 [INFO] 分類「総合」の解析を開始します。
2026-06-14 18:39:51,441 [INFO] 分類「総合」から 30 件のデータを正常に抽出しました。
2026-06-14 18:39:51,441 [INFO] 分類「マンガ・CG」の解析を開始します。
2026-06-14 18:39:51,450 [INFO] 分類「マンガ・CG」から 30 件のデータを正常に抽出しました。
2026-06-14 18:39:51,450 [INFO] 分類「ゲーム・動画」の解析を開始します。
2026-06-14 18:39:51,459 [INFO] 分類「ゲーム・動画」から 30 件のデータを正常に抽出しました。
2026-06-14 18:39:51,460 [INFO] 分類「ボイス・ASMR・音楽」の解析を開始します。
2026-06-14 18:39:51,468 [INFO] 分類「ボイス・ASMR・音楽」から 30 件のデータを正常に抽出しました。
2026-06-14 18:39:51,476 [INFO] 本日のデータを保存しました: C:\Users\syogi\Downloads\dlsite_ranking\data\2026-06-14.json
2026-06-14 18:39:51,477 [INFO] 本日は日曜日です。過去1週間の統合集計処理を開始します...
2026-06-14 18:39:51,500 [INFO] 過去 1 日分のデータを正常に集計しました。
2026-06-14 18:39:51,501 [INFO] 統合HTMLレポートを更新しました: C:\Users\syogi\Downloads\dlsite_ranking\weekly_report.html
2026-06-14 18:39:51,502 [INFO] === DLsite Ranking Scraper 処理終了 ===
2026-06-14 18:48:46,870 [INFO] === DLsite Ranking Scraper 処理開始 ===
2026-06-14 18:48:46,871 [INFO] DLsiteからWebページを取得しています（セッション開始）...
2026-06-14 18:48:47,119 [INFO] HTTPレスポンスステータス: 200
2026-06-14 18:48:47,390 [INFO] 分類「総合」の解析を開始します。
2026-06-14 18:48:47,406 [INFO] 分類「総合」から 30 件のデータを正常に抽出しました。
2026-06-14 18:48:47,406 [INFO] 分類「マンガ・CG」の解析を開始します。
2026-06-14 18:48:47,417 [INFO] 分類「マンガ・CG」から 30 件のデータを正常に抽出しました。
2026-06-14 18:48:47,418 [INFO] 分類「ゲーム・動画」の解析を開始します。
2026-06-14 18:48:47,425 [INFO] 分類「ゲーム・動画」から 30 件のデータを正常に抽出しました。
2026-06-14 18:48:47,425 [INFO] 分類「ボイス・ASMR・音楽」の解析を開始します。
2026-06-14 18:48:47,433 [INFO] 分類「ボイス・ASMR・音楽」から 30 件のデータを正常に抽出しました。
2026-06-14 18:48:47,436 [INFO] 本日のデータを保存しました: C:\Users\syogi\Downloads\dlsite_ranking\data\2026-06-14.json
2026-06-14 18:48:47,436 [INFO] 本日は日曜日です。過去1週間の統合集計処理を開始します...
2026-06-14 18:48:47,460 [INFO] 過去 2 日分のデータを正常に集計しました。
2026-06-14 18:48:47,463 [INFO] 統合HTMLレポートを更新しました: C:\Users\syogi\Downloads\dlsite_ranking\weekly_report.html
2026-06-14 18:48:47,463 [INFO] === DLsite Ranking Scraper 処理終了 ===
2026-06-14 18:50:06,426 [INFO] === DLsite Ranking Scraper 処理開始 ===
2026-06-14 18:50:06,426 [INFO] DLsiteからWebページを取得しています（セッション開始）...
2026-06-14 18:50:06,619 [INFO] HTTPレスポンスステータス: 200
2026-06-14 18:50:06,864 [INFO] 分類「総合」の解析を開始します。
2026-06-14 18:50:06,872 [INFO] 分類「総合」から 30 件のデータを正常に抽出しました。
2026-06-14 18:50:06,872 [INFO] 分類「マンガ・CG」の解析を開始します。
2026-06-14 18:50:06,878 [INFO] 分類「マンガ・CG」から 30 件のデータを正常に抽出しました。
2026-06-14 18:50:06,879 [INFO] 分類「ゲーム・動画」の解析を開始します。
2026-06-14 18:50:06,886 [INFO] 分類「ゲーム・動画」から 30 件のデータを正常に抽出しました。
2026-06-14 18:50:06,886 [INFO] 分類「ボイス・ASMR・音楽」の解析を開始します。
2026-06-14 18:50:06,893 [INFO] 分類「ボイス・ASMR・音楽」から 30 件のデータを正常に抽出しました。
2026-06-14 18:50:06,895 [INFO] 本日のデータを保存しました: C:\Users\syogi\Downloads\dlsite_ranking\data\2026-06-14.json
2026-06-14 18:50:06,896 [INFO] 本日は日曜日です。過去1週間の統合集計処理を開始します...
2026-06-14 18:50:06,937 [INFO] 過去 2 日分のデータを正常に集計しました。
2026-06-14 18:50:06,939 [INFO] 統合HTMLレポートを更新しました: C:\Users\syogi\Downloads\dlsite_ranking\weekly_report.html
2026-06-14 18:50:06,939 [INFO] === DLsite Ranking Scraper 処理終了 ===
